<?xml version="1.0" encoding="UTF-8"?>
<!-- Generated by org.testng.reporters.JUnitReportReporter -->
<testsuite hostname="LAPTOP-N926GS71" failures="0" tests="2" name="com.test.LoginTest" time="24.451" errors="0" timestamp="2022-07-27T11:17:34 IST" skipped="0">
  <testcase classname="com.test.LoginTest" name="loginTest" time="18.889"/>
  <system-out/>
  <testcase classname="com.test.LoginTest" name="signUpTest" time="5.562"/>
  <system-out/>
</testsuite> <!-- com.test.LoginTest -->
