<?xml version="1.0" encoding="UTF-8"?>
<!-- Generated by org.testng.reporters.JUnitReportReporter -->
<testsuite hostname="LAPTOP-N926GS71" failures="0" tests="2" name="com.test.LoginTest" time="18.407" errors="0" timestamp="2022-08-18T18:58:14 IST" skipped="0">
  <testcase classname="com.test.LoginTest" name="signUpTest" time="6.283"/>
  <system-out/>
  <testcase classname="com.test.LoginTest" name="loginTest" time="12.124"/>
  <system-out/>
</testsuite> <!-- com.test.LoginTest -->
